purchases/app/build/intermediates/manifest_merge_blame_file/release/processReleaseMainManifest/manifest-merger-blame-release-report.txt
1<?xml version="1.0" encoding="utf-8"?>
2<!--
3 Copyright 2022 Google LLC
4
5     Licensed under the Apache License, Version 2.0 (the "License");
6     you may not use this file except in compliance with the License.
7     You may obtain a copy of the License at
8
9         https://www.apache.org/licenses/LICENSE-2.0
10
11     Unless required by applicable law or agreed to in writing, software
12     distributed under the License is distributed on an "AS IS" BASIS,
13     WITHOUT WARRANTIES OR CONDITIONS OF ANY KIND, either express or implied.
14     See the License for the specific language governing permissions and
15     limitations under the License.
16-->
17<manifest xmlns:android="http://schemas.android.com/apk/res/android"
18    package="com.google.play.billing.samples.onetimepurchases"
19    android:versionCode="1"
20    android:versionName="1.0.0" >
21
22    <uses-sdk
22-->src/main/AndroidManifest.xml:22:5-73
23        android:minSdkVersion="23"
23-->src/main/AndroidManifest.xml:22:15-41
24        android:targetSdkVersion="36" />
24-->src/main/AndroidManifest.xml:22:42-71
25
26    <uses-permission android:name="android.permission.INTERNET" />
26-->src/main/AndroidManifest.xml:23:5-67
26-->src/main/AndroidManifest.xml:23:22-64
27    <uses-permission android:name="android.permission.ACCESS_NETWORK_STATE" />
27-->src/main/AndroidManifest.xml:24:5-79
27-->src/main/AndroidManifest.xml:24:22-76
28    <uses-permission android:name="com.android.vending.BILLING" />
28-->src/main/AndroidManifest.xml:25:5-67
28-->src/main/AndroidManifest.xml:25:22-64
29
30    <queries>
30-->[com.android.billingclient:billing:8.1.0] AndroidManifest.xml:12:5-19:15
31        <intent>
31-->[com.android.billingclient:billing:8.1.0] AndroidManifest.xml:13:9-15:18
32            <action android:name="com.android.vending.billing.InAppBillingService.BIND" />
32-->[com.android.billingclient:billing:8.1.0] AndroidManifest.xml:14:13-91
32-->[com.android.billingclient:billing:8.1.0] AndroidManifest.xml:14:21-88
33        </intent>
34        <intent>
34-->[com.android.billingclient:billing:8.1.0] AndroidManifest.xml:16:9-18:18
35            <action android:name="com.google.android.apps.play.billingtestcompanion.BillingOverrideService.BIND" />
35-->[com.android.billingclient:billing:8.1.0] AndroidManifest.xml:17:13-116
35-->[com.android.billingclient:billing:8.1.0] AndroidManifest.xml:17:21-113
36        </intent>
37    </queries>
38
39    <uses-permission android:name="android.permission.REORDER_TASKS" />
39-->[androidx.test:core:1.6.1] AndroidManifest.xml:24:5-72
39-->[androidx.test:core:1.6.1] AndroidManifest.xml:24:22-69
40
41    <permission
41-->[androidx.core:core:1.13.0] AndroidManifest.xml:22:5-24:47
42        android:name="com.google.play.billing.samples.onetimepurchases.DYNAMIC_RECEIVER_NOT_EXPORTED_PERMISSION"
42-->[androidx.core:core:1.13.0] AndroidManifest.xml:23:9-81
43        android:protectionLevel="signature" />
43-->[androidx.core:core:1.13.0] AndroidManifest.xml:24:9-44
44
45    <uses-permission android:name="com.google.play.billing.samples.onetimepurchases.DYNAMIC_RECEIVER_NOT_EXPORTED_PERMISSION" />
45-->[androidx.core:core:1.13.0] AndroidManifest.xml:26:5-97
45-->[androidx.core:core:1.13.0] AndroidManifest.xml:26:22-94
46
47    <application
47-->src/main/AndroidManifest.xml:27:5-49:19
48        android:allowBackup="true"
48-->src/main/AndroidManifest.xml:28:9-35
49        android:appComponentFactory="androidx.core.app.CoreComponentFactory"
49-->[androidx.core:core:1.13.0] AndroidManifest.xml:28:18-86
50        android:extractNativeLibs="false"
51        android:icon="@mipmap/ic_launcher"
51-->src/main/AndroidManifest.xml:29:9-43
52        android:label="@string/app_name"
52-->src/main/AndroidManifest.xml:30:9-41
53        android:localeConfig="@xml/locales_config"
53-->src/main/AndroidManifest.xml:31:9-51
54        android:theme="@style/AppTheme" >
54-->src/main/AndroidManifest.xml:32:9-40
55
56        <!--
57        This is a sample app for testing purposes only. It is not intended to be released to the
58        public.
59        TODO: Add largest_release_audience.NONPRODUCTION and enableBillingOverridesTesting
60        meta-data tags before releasing code to github
61        -->
62        <activity
62-->src/main/AndroidManifest.xml:38:9-48:20
63            android:name="com.google.play.billing.samples.onetimepurchases.MainActivity"
63-->src/main/AndroidManifest.xml:39:13-89
64            android:exported="true"
64-->src/main/AndroidManifest.xml:40:13-36
65            android:launchMode="singleTask"
65-->src/main/AndroidManifest.xml:41:13-44
66            android:screenOrientation="portrait"
66-->src/main/AndroidManifest.xml:42:13-49
67            android:theme="@style/AppTheme" >
67-->src/main/AndroidManifest.xml:43:13-44
68            <intent-filter>
68-->src/main/AndroidManifest.xml:44:13-47:29
69                <action android:name="android.intent.action.MAIN" />
69-->src/main/AndroidManifest.xml:45:17-69
69-->src/main/AndroidManifest.xml:45:25-66
70
71                <category android:name="android.intent.category.LAUNCHER" />
71-->src/main/AndroidManifest.xml:46:17-77
71-->src/main/AndroidManifest.xml:46:27-74
72            </intent-filter>
73        </activity>
74        <activity
74-->[com.google.android.gms:play-services-oss-licenses:17.1.0] AndroidManifest.xml:7:9-138
75            android:name="com.google.android.gms.oss.licenses.OssLicensesMenuActivity"
75-->[com.google.android.gms:play-services-oss-licenses:17.1.0] AndroidManifest.xml:7:19-93
76            android:label="@string/oss_license_title" />
76-->[com.google.android.gms:play-services-oss-licenses:17.1.0] AndroidManifest.xml:7:94-135
77        <activity android:name="com.google.android.gms.oss.licenses.OssLicensesActivity" />
77-->[com.google.android.gms:play-services-oss-licenses:17.1.0] AndroidManifest.xml:8:9-92
77-->[com.google.android.gms:play-services-oss-licenses:17.1.0] AndroidManifest.xml:8:19-89
78
79        <meta-data
79-->[com.android.billingclient:billing:8.1.0] AndroidManifest.xml:22:9-24:37
80            android:name="com.google.android.play.billingclient.version"
80-->[com.android.billingclient:billing:8.1.0] AndroidManifest.xml:23:13-73
81            android:value="8.1.0" />
81-->[com.android.billingclient:billing:8.1.0] AndroidManifest.xml:24:13-34
82
83        <activity
83-->[com.android.billingclient:billing:8.1.0] AndroidManifest.xml:26:9-30:75
84            android:name="com.android.billingclient.api.ProxyBillingActivity"
84-->[com.android.billingclient:billing:8.1.0] AndroidManifest.xml:27:13-78
85            android:configChanges="keyboard|keyboardHidden|screenLayout|screenSize|orientation"
85-->[com.android.billingclient:billing:8.1.0] AndroidManifest.xml:28:13-96
86            android:exported="false"
86-->[com.android.billingclient:billing:8.1.0] AndroidManifest.xml:29:13-37
87            android:theme="@android:style/Theme.Translucent.NoTitleBar" />
87-->[com.android.billingclient:billing:8.1.0] AndroidManifest.xml:30:13-72
88        <activity
88-->[com.android.billingclient:billing:8.1.0] AndroidManifest.xml:31:9-35:75
89            android:name="com.android.billingclient.api.ProxyBillingActivityV2"
89-->[com.android.billingclient:billing:8.1.0] AndroidManifest.xml:32:13-80
90            android:configChanges="keyboard|keyboardHidden|screenLayout|screenSize|orientation"
90-->[com.android.billingclient:billing:8.1.0] AndroidManifest.xml:33:13-96
91            android:exported="false"
91-->[com.android.billingclient:billing:8.1.0] AndroidManifest.xml:34:13-37
92            android:theme="@android:style/Theme.Translucent.NoTitleBar" />
92-->[com.android.billingclient:billing:8.1.0] AndroidManifest.xml:35:13-72
93        <activity
93-->[com.google.android.gms:play-services-base:18.5.0] AndroidManifest.xml:5:9-173
94            android:name="com.google.android.gms.common.api.GoogleApiActivity"
94-->[com.google.android.gms:play-services-base:18.5.0] AndroidManifest.xml:5:19-85
95            android:exported="false"
95-->[com.google.android.gms:play-services-base:18.5.0] AndroidManifest.xml:5:146-170
96            android:theme="@android:style/Theme.Translucent.NoTitleBar" />
96-->[com.google.android.gms:play-services-base:18.5.0] AndroidManifest.xml:5:86-145
97
98        <meta-data
98-->[com.google.android.gms:play-services-basement:18.9.0] AndroidManifest.xml:21:9-23:69
99            android:name="com.google.android.gms.version"
99-->[com.google.android.gms:play-services-basement:18.9.0] AndroidManifest.xml:22:13-58
100            android:value="@integer/google_play_services_version" />
100-->[com.google.android.gms:play-services-basement:18.9.0] AndroidManifest.xml:23:13-66
101
102        <activity
102-->[androidx.test:core:1.6.1] AndroidManifest.xml:27:9-34:20
103            android:name="androidx.test.core.app.InstrumentationActivityInvoker$BootstrapActivity"
103-->[androidx.test:core:1.6.1] AndroidManifest.xml:28:13-99
104            android:exported="true"
104-->[androidx.test:core:1.6.1] AndroidManifest.xml:29:13-36
105            android:theme="@style/WhiteBackgroundTheme" >
105-->[androidx.test:core:1.6.1] AndroidManifest.xml:30:13-56
106            <intent-filter android:priority="-100" >
106-->[androidx.test:core:1.6.1] AndroidManifest.xml:31:13-33:29
106-->[androidx.test:core:1.6.1] AndroidManifest.xml:31:28-51
107                <category android:name="android.intent.category.LAUNCHER" />
107-->src/main/AndroidManifest.xml:46:17-77
107-->src/main/AndroidManifest.xml:46:27-74
108            </intent-filter>
109        </activity>
110        <activity
110-->[androidx.test:core:1.6.1] AndroidManifest.xml:35:9-42:20
111            android:name="androidx.test.core.app.InstrumentationActivityInvoker$EmptyActivity"
111-->[androidx.test:core:1.6.1] AndroidManifest.xml:36:13-95
112            android:exported="true"
112-->[androidx.test:core:1.6.1] AndroidManifest.xml:37:13-36
113            android:theme="@style/WhiteBackgroundTheme" >
113-->[androidx.test:core:1.6.1] AndroidManifest.xml:38:13-56
114            <intent-filter android:priority="-100" >
114-->[androidx.test:core:1.6.1] AndroidManifest.xml:31:13-33:29
114-->[androidx.test:core:1.6.1] AndroidManifest.xml:31:28-51
115                <category android:name="android.intent.category.LAUNCHER" />
115-->src/main/AndroidManifest.xml:46:17-77
115-->src/main/AndroidManifest.xml:46:27-74
116            </intent-filter>
117        </activity>
118        <activity
118-->[androidx.test:core:1.6.1] AndroidManifest.xml:43:9-50:20
119            android:name="androidx.test.core.app.InstrumentationActivityInvoker$EmptyFloatingActivity"
119-->[androidx.test:core:1.6.1] AndroidManifest.xml:44:13-103
120            android:exported="true"
120-->[androidx.test:core:1.6.1] AndroidManifest.xml:45:13-36
121            android:theme="@style/WhiteBackgroundDialogTheme" >
121-->[androidx.test:core:1.6.1] AndroidManifest.xml:46:13-62
122            <intent-filter android:priority="-100" >
122-->[androidx.test:core:1.6.1] AndroidManifest.xml:31:13-33:29
122-->[androidx.test:core:1.6.1] AndroidManifest.xml:31:28-51
123                <category android:name="android.intent.category.LAUNCHER" />
123-->src/main/AndroidManifest.xml:46:17-77
123-->src/main/AndroidManifest.xml:46:27-74
124            </intent-filter>
125        </activity>
126
127        <provider
127-->[androidx.emoji2:emoji2:1.3.0] AndroidManifest.xml:24:9-32:20
128            android:name="androidx.startup.InitializationProvider"
128-->[androidx.emoji2:emoji2:1.3.0] AndroidManifest.xml:25:13-67
129            android:authorities="com.google.play.billing.samples.onetimepurchases.androidx-startup"
129-->[androidx.emoji2:emoji2:1.3.0] AndroidManifest.xml:26:13-68
130            android:exported="false" >
130-->[androidx.emoji2:emoji2:1.3.0] AndroidManifest.xml:27:13-37
131            <meta-data
131-->[androidx.emoji2:emoji2:1.3.0] AndroidManifest.xml:29:13-31:52
132                android:name="androidx.emoji2.text.EmojiCompatInitializer"
132-->[androidx.emoji2:emoji2:1.3.0] AndroidManifest.xml:30:17-75
133                android:value="androidx.startup" />
133-->[androidx.emoji2:emoji2:1.3.0] AndroidManifest.xml:31:17-49
134            <meta-data
134-->[androidx.lifecycle:lifecycle-process:2.6.2] AndroidManifest.xml:29:13-31:52
135                android:name="androidx.lifecycle.ProcessLifecycleInitializer"
135-->[androidx.lifecycle:lifecycle-process:2.6.2] AndroidManifest.xml:30:17-78
136                android:value="androidx.startup" />
136-->[androidx.lifecycle:lifecycle-process:2.6.2] AndroidManifest.xml:31:17-49
137            <meta-data
137-->[androidx.profileinstaller:profileinstaller:1.4.0] AndroidManifest.xml:29:13-31:52
138                android:name="androidx.profileinstaller.ProfileInstallerInitializer"
138-->[androidx.profileinstaller:profileinstaller:1.4.0] AndroidManifest.xml:30:17-85
139                android:value="androidx.startup" />
139-->[androidx.profileinstaller:profileinstaller:1.4.0] AndroidManifest.xml:31:17-49
140        </provider>
141
142        <service
142-->[com.google.android.datatransport:transport-backend-cct:3.1.8] AndroidManifest.xml:28:9-34:19
143            android:name="com.google.android.datatransport.runtime.backends.TransportBackendDiscovery"
143-->[com.google.android.datatransport:transport-backend-cct:3.1.8] AndroidManifest.xml:29:13-103
144            android:exported="false" >
144-->[com.google.android.datatransport:transport-backend-cct:3.1.8] AndroidManifest.xml:30:13-37
145            <meta-data
145-->[com.google.android.datatransport:transport-backend-cct:3.1.8] AndroidManifest.xml:31:13-33:39
146                android:name="backend:com.google.android.datatransport.cct.CctBackendFactory"
146-->[com.google.android.datatransport:transport-backend-cct:3.1.8] AndroidManifest.xml:32:17-94
147                android:value="cct" />
147-->[com.google.android.datatransport:transport-backend-cct:3.1.8] AndroidManifest.xml:33:17-36
148        </service>
149        <service
149-->[com.google.android.datatransport:transport-runtime:3.1.8] AndroidManifest.xml:26:9-30:19
150            android:name="com.google.android.datatransport.runtime.scheduling.jobscheduling.JobInfoSchedulerService"
150-->[com.google.android.datatransport:transport-runtime:3.1.8] AndroidManifest.xml:27:13-117
151            android:exported="false"
151-->[com.google.android.datatransport:transport-runtime:3.1.8] AndroidManifest.xml:28:13-37
152            android:permission="android.permission.BIND_JOB_SERVICE" >
152-->[com.google.android.datatransport:transport-runtime:3.1.8] AndroidManifest.xml:29:13-69
153        </service>
154
155        <receiver
155-->[com.google.android.datatransport:transport-runtime:3.1.8] AndroidManifest.xml:32:9-34:40
156            android:name="com.google.android.datatransport.runtime.scheduling.jobscheduling.AlarmManagerSchedulerBroadcastReceiver"
156-->[com.google.android.datatransport:transport-runtime:3.1.8] AndroidManifest.xml:33:13-132
157            android:exported="false" />
157-->[com.google.android.datatransport:transport-runtime:3.1.8] AndroidManifest.xml:34:13-37
158        <receiver
158-->[androidx.profileinstaller:profileinstaller:1.4.0] AndroidManifest.xml:34:9-52:20
159            android:name="androidx.profileinstaller.ProfileInstallReceiver"
159-->[androidx.profileinstaller:profileinstaller:1.4.0] AndroidManifest.xml:35:13-76
160            android:directBootAware="false"
160-->[androidx.profileinstaller:profileinstaller:1.4.0] AndroidManifest.xml:36:13-44
161            android:enabled="true"
161-->[androidx.profileinstaller:profileinstaller:1.4.0] AndroidManifest.xml:37:13-35
162            android:exported="true"
162-->[androidx.profileinstaller:profileinstaller:1.4.0] AndroidManifest.xml:38:13-36
163            android:permission="android.permission.DUMP" >
163-->[androidx.profileinstaller:profileinstaller:1.4.0] AndroidManifest.xml:39:13-57
164            <intent-filter>
164-->[androidx.profileinstaller:profileinstaller:1.4.0] AndroidManifest.xml:40:13-42:29
165                <action android:name="androidx.profileinstaller.action.INSTALL_PROFILE" />
165-->[androidx.profileinstaller:profileinstaller:1.4.0] AndroidManifest.xml:41:17-91
165-->[androidx.profileinstaller:profileinstaller:1.4.0] AndroidManifest.xml:41:25-88
166            </intent-filter>
167            <intent-filter>
167-->[androidx.profileinstaller:profileinstaller:1.4.0] AndroidManifest.xml:43:13-45:29
168                <action android:name="androidx.profileinstaller.action.SKIP_FILE" />
168-->[androidx.profileinstaller:profileinstaller:1.4.0] AndroidManifest.xml:44:17-85
168-->[androidx.profileinstaller:profileinstaller:1.4.0] AndroidManifest.xml:44:25-82
169            </intent-filter>
170            <intent-filter>
170-->[androidx.profileinstaller:profileinstaller:1.4.0] AndroidManifest.xml:46:13-48:29
171                <action android:name="androidx.profileinstaller.action.SAVE_PROFILE" />
171-->[androidx.profileinstaller:profileinstaller:1.4.0] AndroidManifest.xml:47:17-88
171-->[androidx.profileinstaller:profileinstaller:1.4.0] AndroidManifest.xml:47:25-85
172            </intent-filter>
173            <intent-filter>
173-->[androidx.profileinstaller:profileinstaller:1.4.0] AndroidManifest.xml:49:13-51:29
174                <action android:name="androidx.profileinstaller.action.BENCHMARK_OPERATION" />
174-->[androidx.profileinstaller:profileinstaller:1.4.0] AndroidManifest.xml:50:17-95
174-->[androidx.profileinstaller:profileinstaller:1.4.0] AndroidManifest.xml:50:25-92
175            </intent-filter>
176        </receiver>
177    </application>
178
179</manifest>